TN:
SF:src/components/commons/Heading/Heading.jsx
FN:5,Heading
FNF:1
FNH:1
FNDA:2,Heading
DA:1,1
DA:2,1
DA:3,1
DA:5,2
DA:13,1
LF:5
LH:5
BRDA:6,0,0,1
BRDA:8,1,0,2
BRDA:10,2,0,2
BRDA:10,2,1,2
BRF:4
BRH:4
end_of_record
TN:
SF:src/components/commons/SiteLink/SiteLink.jsx
FN:8,SiteLink
FNF:1
FNH:1
FNDA:3,SiteLink
DA:1,1
DA:2,1
DA:3,1
DA:4,1
DA:5,1
DA:19,3
DA:32,2
DA:35,2
DA:52,1
DA:79,3
LF:10
LH:10
BRDA:10,0,0,3
BRDA:11,1,0,3
BRDA:12,2,0,1
BRDA:13,3,0,3
BRDA:14,4,0,2
BRDA:15,5,0,3
BRDA:19,6,0,1
BRDA:22,7,0,1
BRDA:22,7,1,1
BRDA:32,8,0,1
BRDA:32,8,1,1
BRDA:35,9,0,1
BRDA:35,9,1,1
BRDA:38,10,0,2
BRDA:38,10,1,2
BRF:15
BRH:15
end_of_record
TN:
SF:src/helpers/utilities/string-comparisons/index.js
FNF:0
FNH:0
DA:1,1
DA:5,2
LF:2
LH:2
BRF:0
BRH:0
end_of_record
TN:
SF:src/helpers/utilities/string-comparisons/isUrl.js
FN:5,(anonymous_1)
FNF:1
FNH:1
FNDA:14,(anonymous_1)
DA:3,2
DA:5,14
DA:7,14
LF:3
LH:3
BRF:0
BRH:0
end_of_record
TN:
SF:src/helpers/utilities/string-comparisons/isInList/isInList.js
FN:1,(anonymous_1)
FN:3,(anonymous_2)
FN:5,(anonymous_3)
FNF:3
FNH:3
FNDA:6,(anonymous_1)
FNDA:11,(anonymous_2)
FNDA:7,(anonymous_3)
DA:1,1
DA:2,6
DA:3,11
DA:5,7
DA:8,6
LF:5
LH:5
BRDA:2,0,0,3
BRF:1
BRH:1
end_of_record
